<?xml version="1.0" encoding="UTF-8"?>
<!-- Generated by org.testng.reporters.JUnitReportReporter -->
<testsuite skipped="0" hostname="DELL-PC" name="Practice.Example" tests="1" failures="0" timestamp="30 Nov 2018 12:22:04 GMT" time="2.892" errors="0">
  <testcase name="m1" time="2.892" classname="Practice.Example"/>
</testsuite> <!-- Practice.Example -->
